✅ GPU Available: NVIDIA RTX A4000
🚀 Training starts...
Epoch 1/20: 100%|██████████████████████████████| 391/391 [00:43<00:00,  9.02batch/s, IPS=9.02, accuracy=31.7, loss=2.78]
🟢 Epoch 1 Completed | Loss: 2.9331 | Accuracy: 31.65% | IPS: 9.02
Epoch 2/20: 100%|████████████████████████████████| 391/391 [00:42<00:00,  9.12batch/s, IPS=9.11, accuracy=49, loss=1.77]
🟢 Epoch 2 Completed | Loss: 2.0254 | Accuracy: 49.04% | IPS: 9.11
Epoch 3/20: 100%|██████████████████████████████| 391/391 [00:42<00:00,  9.13batch/s, IPS=9.12, accuracy=59.1, loss=1.76]
🟢 Epoch 3 Completed | Loss: 1.5681 | Accuracy: 59.10% | IPS: 9.12
Epoch 4/20: 100%|██████████████████████████████| 391/391 [00:42<00:00,  9.17batch/s, IPS=9.16, accuracy=67.2, loss=1.25]
🟢 Epoch 4 Completed | Loss: 1.2058 | Accuracy: 67.18% | IPS: 9.16
Epoch 5/20: 100%|██████████████████████████████| 391/391 [00:42<00:00,  9.17batch/s, IPS=9.16, accuracy=74.8, loss=1.12]
🟢 Epoch 5 Completed | Loss: 0.8920 | Accuracy: 74.80% | IPS: 9.16
Epoch 6/20: 100%|█████████████████████████████| 391/391 [00:42<00:00,  9.11batch/s, IPS=9.10, accuracy=80.9, loss=0.722]
🟢 Epoch 6 Completed | Loss: 0.6513 | Accuracy: 80.89% | IPS: 9.10
Epoch 7/20: 100%|█████████████████████████████| 391/391 [00:43<00:00,  9.06batch/s, IPS=9.04, accuracy=85.8, loss=0.591]
🟢 Epoch 7 Completed | Loss: 0.4696 | Accuracy: 85.84% | IPS: 9.04
Epoch 8/20: 100%|█████████████████████████████| 391/391 [00:42<00:00,  9.19batch/s, IPS=9.19, accuracy=89.1, loss=0.462]
🟢 Epoch 8 Completed | Loss: 0.3555 | Accuracy: 89.07% | IPS: 9.19
Epoch 9/20: 100%|█████████████████████████████| 391/391 [00:42<00:00,  9.14batch/s, IPS=9.13, accuracy=91.5, loss=0.406]
🟢 Epoch 9 Completed | Loss: 0.2717 | Accuracy: 91.51% | IPS: 9.13
Epoch 10/20: 100%|████████████████████████████| 391/391 [00:42<00:00,  9.14batch/s, IPS=9.13, accuracy=92.6, loss=0.306]
🟢 Epoch 10 Completed | Loss: 0.2368 | Accuracy: 92.63% | IPS: 9.13
Epoch 11/20: 100%|████████████████████████████| 391/391 [00:42<00:00,  9.13batch/s, IPS=9.11, accuracy=93.7, loss=0.311]
🟢 Epoch 11 Completed | Loss: 0.2004 | Accuracy: 93.66% | IPS: 9.11
Epoch 12/20: 100%|████████████████████████████| 391/391 [00:42<00:00,  9.13batch/s, IPS=9.11, accuracy=94.1, loss=0.194]
🟢 Epoch 12 Completed | Loss: 0.1848 | Accuracy: 94.14% | IPS: 9.11
Epoch 13/20: 100%|████████████████████████████| 391/391 [00:42<00:00,  9.12batch/s, IPS=9.11, accuracy=94.7, loss=0.128]
🟢 Epoch 13 Completed | Loss: 0.1657 | Accuracy: 94.75% | IPS: 9.11
Epoch 14/20: 100%|████████████████████████████| 391/391 [00:42<00:00,  9.15batch/s, IPS=9.13, accuracy=95.3, loss=0.272]
🟢 Epoch 14 Completed | Loss: 0.1505 | Accuracy: 95.25% | IPS: 9.13
Epoch 15/20: 100%|████████████████████████████| 391/391 [00:42<00:00,  9.16batch/s, IPS=9.14, accuracy=95.6, loss=0.129]
🟢 Epoch 15 Completed | Loss: 0.1386 | Accuracy: 95.55% | IPS: 9.14
Epoch 16/20: 100%|████████████████████████████| 391/391 [00:42<00:00,  9.14batch/s, IPS=9.13, accuracy=95.8, loss=0.194]
🟢 Epoch 16 Completed | Loss: 0.1331 | Accuracy: 95.83% | IPS: 9.13
Epoch 17/20: 100%|██████████████████████████████| 391/391 [00:42<00:00,  9.14batch/s, IPS=9.13, accuracy=96, loss=0.225]
🟢 Epoch 17 Completed | Loss: 0.1269 | Accuracy: 95.95% | IPS: 9.13
Epoch 18/20: 100%|████████████████████████████| 391/391 [00:42<00:00,  9.12batch/s, IPS=9.11, accuracy=96.2, loss=0.229]
🟢 Epoch 18 Completed | Loss: 0.1225 | Accuracy: 96.19% | IPS: 9.11
Epoch 19/20: 100%|████████████████████████████| 391/391 [00:42<00:00,  9.13batch/s, IPS=9.11, accuracy=96.4, loss=0.193]
🟢 Epoch 19 Completed | Loss: 0.1126 | Accuracy: 96.38% | IPS: 9.11
Epoch 20/20: 100%|███████████████████████████| 391/391 [00:42<00:00,  9.13batch/s, IPS=9.12, accuracy=96.7, loss=0.0896]
🟢 Epoch 20 Completed | Loss: 0.1021 | Accuracy: 96.75% | IPS: 9.12
🎉 Training complete.
